[debug] [2023-04-11T12:04:58.665Z] ----------------------------------------------------------------------
[debug] [2023-04-11T12:04:58.666Z] Command:       C:\Program Files\nodejs\node.exe C:\Users\marcu\AppData\Roaming\npm\node_modules\firebase-tools\lib\bin\firebase.js deploy
[debug] [2023-04-11T12:04:58.667Z] CLI Version:   11.24.1
[debug] [2023-04-11T12:04:58.667Z] Platform:      win32
[debug] [2023-04-11T12:04:58.667Z] Node Version:  v18.14.0
[debug] [2023-04-11T12:04:58.668Z] Time:          Tue Apr 11 2023 20:04:58 GMT+0800 (GMT+08:00)
[debug] [2023-04-11T12:04:58.669Z] ----------------------------------------------------------------------
[debug] 
[debug] [2023-04-11T12:04:58.673Z] >>> [apiv2][query] GET https://firebase-public.firebaseio.com/cli.json [none]
[debug] [2023-04-11T12:04:58.782Z] > command requires scopes: ["email","openid","https://www.googleapis.com/auth/cloudplatformprojects.readonly","https://www.googleapis.com/auth/firebase","https://www.googleapis.com/auth/cloud-platform"]
[debug] [2023-04-11T12:04:58.782Z] > authorizing via signed-in user (meandmybrotherandi@gmail.com)
[debug] [2023-04-11T12:04:58.782Z] [iam] checking project marchtojapan for permissions ["firebase.projects.get","firebasehosting.sites.update"]
[debug] [2023-04-11T12:04:58.783Z] > refreshing access token with scopes: []
[debug] [2023-04-11T12:04:58.784Z] >>> [apiv2][query] POST https://www.googleapis.com/oauth2/v3/token [none]
[debug] [2023-04-11T12:04:58.784Z] >>> [apiv2][body] POST https://www.googleapis.com/oauth2/v3/token [omitted]
[debug] [2023-04-11T12:04:58.933Z] <<< [apiv2][status] POST https://www.googleapis.com/oauth2/v3/token 200
[debug] [2023-04-11T12:04:58.933Z] <<< [apiv2][body] POST https://www.googleapis.com/oauth2/v3/token [omitted]
[debug] [2023-04-11T12:04:58.945Z] >>> [apiv2][query] POST https://cloudresourcemanager.googleapis.com/v1/projects/marchtojapan:testIamPermissions [none]
[debug] [2023-04-11T12:04:58.945Z] >>> [apiv2][(partial)header] POST https://cloudresourcemanager.googleapis.com/v1/projects/marchtojapan:testIamPermissions x-goog-quota-user=projects/marchtojapan
[debug] [2023-04-11T12:04:58.946Z] >>> [apiv2][body] POST https://cloudresourcemanager.googleapis.com/v1/projects/marchtojapan:testIamPermissions {"permissions":["firebase.projects.get","firebasehosting.sites.update"]}
[debug] [2023-04-11T12:04:59.314Z] <<< [apiv2][status] GET https://firebase-public.firebaseio.com/cli.json 200
[debug] [2023-04-11T12:04:59.314Z] <<< [apiv2][body] GET https://firebase-public.firebaseio.com/cli.json {"cloudBuildErrorAfter":1594252800000,"cloudBuildWarnAfter":1590019200000,"defaultNode10After":1594252800000,"minVersion":"3.0.5","node8DeploysDisabledAfter":1613390400000,"node8RuntimeDisabledAfter":1615809600000,"node8WarnAfter":1600128000000}
